<?xml version="1.0" encoding="UTF-8"?>
<!-- Generated by org.testng.reporters.JUnitReportReporter -->
<testsuite name="Test_Cases.Registration" tests="2" time="10.408" ignored="0" failures="0" timestamp="01 Feb 2021 23:36:09 GMT" skipped="0" hostname="ITFDG98R" errors="0">
  <testcase name="Vaild_Data" time="7.213" classname="Test_Cases.Registration"/>
  <testcase name="Login_button" time="3.195" classname="Test_Cases.Registration"/>
</testsuite> <!-- Test_Cases.Registration -->
